TN:
SF:f:\Area Testes\GITHub\aspnetcore\courses\course-03\trunk\testing-demo\src\polyfills.ts
FNF:0
FNH:0
LF:0
LH:0
BRF:0
BRH:0
end_of_record
TN:
SF:f:\Area Testes\GITHub\aspnetcore\courses\course-03\trunk\testing-demo\src\test.ts
FN:12,(anonymous_0)
FNF:1
FNH:1
FNDA:1,(anonymous_0)
DA:12,1
DA:14,1
DA:16,1
DA:18,1
DA:20,1
LF:5
LH:5
BRF:0
BRH:0
end_of_record
TN:
SF:f:\Area Testes\GITHub\aspnetcore\courses\course-03\trunk\testing-demo\src\app\01-fundamentals\compute.ts
FN:1,compute
FNF:1
FNH:1
FNDA:2,compute
DA:2,2
DA:3,1
DA:4,1
LF:3
LH:3
BRDA:2,0,0,1
BRDA:2,0,1,1
BRF:2
BRH:2
end_of_record
TN:
SF:f:\Area Testes\GITHub\aspnetcore\courses\course-03\trunk\testing-demo\src\app\02-arrays-and-strings\getCurrencies.ts
FN:1,getCurrencies
FNF:1
FNH:1
FNDA:1,getCurrencies
DA:2,1
LF:1
LH:1
BRF:0
BRH:0
end_of_record
TN:
SF:f:\Area Testes\GITHub\aspnetcore\courses\course-03\trunk\testing-demo\src\app\02-arrays-and-strings\greet.ts
FN:1,greet
FNF:1
FNH:1
FNDA:1,greet
DA:2,1
LF:1
LH:1
BRF:0
BRH:0
end_of_record
TN:
SF:f:\Area Testes\GITHub\aspnetcore\courses\course-03\trunk\testing-demo\src\app\03-setup-and-teardown\vote.component.ts
FN:1,(anonymous_0)
FN:2,VoteComponent
FN:5,(anonymous_2)
FN:8,(anonymous_3)
FNF:4
FNH:4
FNDA:1,(anonymous_0)
FNDA:3,VoteComponent
FNDA:1,(anonymous_2)
FNDA:1,(anonymous_3)
DA:1,1
DA:3,3
DA:5,1
DA:6,1
DA:8,1
DA:9,1
DA:11,1
LF:7
LH:7
BRF:0
BRH:0
end_of_record
TN:
SF:f:\Area Testes\GITHub\aspnetcore\courses\course-03\trunk\testing-demo\src\app\04-forms\todo-form.component.ts
FN:2,(anonymous_0)
FN:3,TodoFormComponent
FNF:2
FNH:2
FNDA:1,(anonymous_0)
FNDA:2,TodoFormComponent
DA:2,1
DA:4,2
DA:9,1
LF:3
LH:3
BRF:0
BRH:0
end_of_record
TN:
SF:f:\Area Testes\GITHub\aspnetcore\courses\course-03\trunk\testing-demo\src\app\05-event-emitters\vote.component.ts
FN:2,(anonymous_0)
FN:3,VoteComponent
FN:7,(anonymous_2)
FNF:3
FNH:3
FNDA:1,(anonymous_0)
FNDA:1,VoteComponent
FNDA:1,(anonymous_2)
DA:2,1
DA:4,1
DA:5,1
DA:7,1
DA:8,1
DA:9,1
DA:11,1
LF:7
LH:7
BRF:0
BRH:0
end_of_record
TN:
SF:f:\Area Testes\GITHub\aspnetcore\courses\course-03\trunk\testing-demo\src\app\06-services\todos.component.ts
FN:1,(anonymous_0)
FN:2,TodosComponent
FN:6,(anonymous_2)
FN:8,(anonymous_3)
FN:10,(anonymous_4)
FN:13,(anonymous_5)
FN:13,(anonymous_6)
FN:15,(anonymous_7)
FNF:8
FNH:6
FNDA:1,(anonymous_0)
FNDA:3,TodosComponent
FNDA:1,(anonymous_2)
FNDA:1,(anonymous_3)
FNDA:2,(anonymous_4)
FNDA:1,(anonymous_5)
FNDA:0,(anonymous_6)
FNDA:0,(anonymous_7)
DA:1,1
DA:3,3
DA:4,3
DA:6,1
DA:7,1
DA:8,1
DA:10,1
DA:11,2
DA:12,2
DA:13,2
DA:15,1
DA:16,0
DA:17,0
DA:19,1
LF:14
LH:12
BRDA:16,0,0,0
BRDA:16,0,1,0
BRF:2
BRH:0
end_of_record
TN:
SF:f:\Area Testes\GITHub\aspnetcore\courses\course-03\trunk\testing-demo\src\app\06-services\todo.service.ts
FN:2,(anonymous_0)
FN:3,TodoService
FN:6,(anonymous_2)
FN:7,(anonymous_3)
FN:9,(anonymous_4)
FN:10,(anonymous_5)
FN:12,(anonymous_6)
FN:13,(anonymous_7)
FNF:8
FNH:2
FNDA:1,(anonymous_0)
FNDA:3,TodoService
FNDA:0,(anonymous_2)
FNDA:0,(anonymous_3)
FNDA:0,(anonymous_4)
FNDA:0,(anonymous_5)
FNDA:0,(anonymous_6)
FNDA:0,(anonymous_7)
DA:2,1
DA:4,3
DA:6,1
DA:7,0
DA:9,1
DA:10,0
DA:12,1
DA:13,0
DA:15,1
LF:9
LH:6
BRF:0
BRH:0
end_of_record
